<?xml version="1.0" encoding="UTF-8"?>
<!-- Generated by org.testng.reporters.JUnitXMLReporter -->
<testsuite hostname="PC" ignored="0" name="WIN10TEST_CHROME" tests="11" failures="11" timestamp="27 Apr 2020 22:51:27 GMT" time="77.206" errors="0">
  <testcase name="runScenario" time="0.078" classname="cucumber.api.testng.AbstractTestNGCucumberTests">
    <failure type="java.lang.NullPointerException">
      <![CDATA[java.lang.NullPointerException
at cucumber.runtime.formatter.TestSourcesModel.isScenarioOutlineScenario(TestSourcesModel.java:50)
at cucumber.runtime.formatter.HTMLFormatter.handleScenarioOutline(HTMLFormatter.java:244)
at cucumber.runtime.formatter.HTMLFormatter.handleTestCaseStarted(HTMLFormatter.java:153)
at cucumber.runtime.formatter.HTMLFormatter.access$100(HTMLFormatter.java:52)
at cucumber.runtime.formatter.HTMLFormatter$3.receive(HTMLFormatter.java:88)
at cucumber.runtime.formatter.HTMLFormatter$3.receive(HTMLFormatter.java:85)
at cucumber.runner.EventBus.send(EventBus.java:28)
at cucumber.api.TestCase.run(TestCase.java:55)
at cucumber.runner.Runner.runPickle(Runner.java:80)
at cucumber.api.testng.TestNGCucumberRunner.runScenario(TestNGCucumberRunner.java:84)
at cucumber.api.testng.AbstractTestNGCucumberTests.runScenario(AbstractTestNGCucumberTests.java:22)
at java.util.concurrent.FutureTask.run(Unknown Source)
at java.util.concurrent.Executors$RunnableAdapter.call(Unknown Source)
at java.util.concurrent.FutureTask.run(Unknown Source)
at java.util.concurrent.ThreadPoolExecutor.runWorker(Unknown Source)
at java.util.concurrent.ThreadPoolExecutor$Worker.run(Unknown Source)
at java.lang.Thread.run(Unknown Source)
... Removed 9 stack frames]]>
    </failure>
  </testcase> <!-- runScenario -->
  <testcase name="runScenario" time="18.471" classname="cucumber.api.testng.AbstractTestNGCucumberTests">
    <failure type="java.lang.AssertionError" message="element not found">
      <![CDATA[java.lang.AssertionError: element not found
at org.junit.Assert.fail(Assert.java:88)
at org.junit.Assert.assertTrue(Assert.java:41)
at resources.TestBase.WaitVisibilityOf(TestBase.java:80)
at pageObjects.newtourSignupPage.naviagtTomercuryTourURL(newtourSignupPage.java:57)
at stepDefinations.newTour.navigate_to_homepage_of_newtoursdemoauturl_and_click_on_the_register_link(newTour.java:24)
at ✽.Navigate to homepage of newtoursdemoautURl and Click on the register link(src/test/java/features/newtoursAssignment.feature:6)
]]>
    </failure>
  </testcase> <!-- runScenario -->
  <testcase name="runScenario" time="20.079" classname="cucumber.api.testng.AbstractTestNGCucumberTests">
    <failure type="java.lang.AssertionError" message="element not found">
      <![CDATA[java.lang.AssertionError: element not found
at org.junit.Assert.fail(Assert.java:88)
at org.junit.Assert.assertTrue(Assert.java:41)
at resources.TestBase.WaitVisibilityOf(TestBase.java:80)
at pageObjects.newtourSignupPage.linkclick(newtourSignupPage.java:61)
at stepDefinations.newTour.navigate_to_homepage_of_newtoursdemoauturl_and_click_on_the_register_link(newTour.java:25)
at ✽.Navigate to homepage of newtoursdemoautURl and Click on the register link(src/test/java/features/newtoursAssignment.feature:6)
]]>
    </failure>
  </testcase> <!-- runScenario -->
  <testcase name="runScenario" time="8.21" classname="cucumber.api.testng.AbstractTestNGCucumberTests">
    <failure type="org.openqa.selenium.NoSuchWindowException" message="no such window: target window already closed
from unknown error: web view not found
  (Session info: chrome=81.0.4044.122)
Build info: version: &amp;apos;3.141.59&amp;apos;, revision: &amp;apos;e82be7d358&amp;apos;, time: &amp;apos;2018-11-14T08:17:03&amp;apos;
System info: host: &amp;apos;PC&amp;apos;, ip: &amp;apos;192.168.43.118&amp;apos;, os.name: &amp;apos;Windows 8.1&amp;apos;, os.arch: &amp;apos;amd64&amp;apos;, os.version: &amp;apos;6.3&amp;apos;, java.version: &amp;apos;1.8.0_221&amp;apos;
Driver info: org.openqa.selenium.chrome.ChromeDriver
Capabilities {acceptInsecureCerts: false, browserName: chrome, browserVersion: 81.0.4044.122, chrome: {chromedriverVersion: 81.0.4044.69 (6813546031a4b..., userDataDir: C:\Users\Admin\AppData\Loca...}, goog:chromeOptions: {debuggerAddress: localhost:52036}, javascriptEnabled: true, networkConnectionEnabled: false, pageLoadStrategy: normal, platform: WINDOWS, platformName: WINDOWS, proxy: Proxy(), setWindowRect: true, strictFileInteractability: false, timeouts: {implicit: 0, pageLoad: 300000, script: 30000}, unhandledPromptBehavior: dismiss and notify, webauthn:virtualAuthenticators: true}
Session ID: fc6a46022749a4de968b442f35e63f75">
      <![CDATA[org.openqa.selenium.NoSuchWindowException: no such window: target window already closed
from unknown error: web view not found
  (Session info: chrome=81.0.4044.122)
Build info: version: '3.141.59', revision: 'e82be7d358', time: '2018-11-14T08:17:03'
System info: host: 'PC', ip: '192.168.43.118', os.name: 'Windows 8.1', os.arch: 'amd64', os.version: '6.3', java.version: '1.8.0_221'
Driver info: org.openqa.selenium.chrome.ChromeDriver
Capabilities {acceptInsecureCerts: false, browserName: chrome, browserVersion: 81.0.4044.122, chrome: {chromedriverVersion: 81.0.4044.69 (6813546031a4b..., userDataDir: C:\Users\Admin\AppData\Loca...}, goog:chromeOptions: {debuggerAddress: localhost:52036}, javascriptEnabled: true, networkConnectionEnabled: false, pageLoadStrategy: normal, platform: WINDOWS, platformName: WINDOWS, proxy: Proxy(), setWindowRect: true, strictFileInteractability: false, timeouts: {implicit: 0, pageLoad: 300000, script: 30000}, unhandledPromptBehavior: dismiss and notify, webauthn:virtualAuthenticators: true}
Session ID: fc6a46022749a4de968b442f35e63f75
at org.openqa.selenium.remote.http.W3CHttpResponseCodec.createException(W3CHttpResponseCodec.java:187)
at org.openqa.selenium.remote.http.W3CHttpResponseCodec.decode(W3CHttpResponseCodec.java:122)
at org.openqa.selenium.remote.http.W3CHttpResponseCodec.decode(W3CHttpResponseCodec.java:49)
at org.openqa.selenium.remote.HttpCommandExecutor.execute(HttpCommandExecutor.java:158)
at org.openqa.selenium.remote.service.DriverCommandExecutor.execute(DriverCommandExecutor.java:83)
at org.openqa.selenium.remote.RemoteWebDriver.execute(RemoteWebDriver.java:552)
at org.openqa.selenium.remote.RemoteWebDriver.execute(RemoteWebDriver.java:609)
at org.openqa.selenium.remote.RemoteWebDriver$RemoteWebDriverOptions$RemoteWindow.maximize(RemoteWebDriver.java:837)
at resources.TestBase.initializeDriver(TestBase.java:56)
at stepDefinations.masterHooks.setUpnewtour(masterHooks.java:51)
at cucumber.runtime.Utils$1.call(Utils.java:32)
at cucumber.runtime.Timeout.timeout(Timeout.java:16)
at cucumber.runtime.Utils.invoke(Utils.java:26)
at cucumber.runtime.java.JavaHookDefinition.execute(JavaHookDefinition.java:60)
at cucumber.runtime.HookDefinitionMatch.runStep(HookDefinitionMatch.java:17)
at cucumber.runner.UnskipableStep.executeStep(UnskipableStep.java:22)
at cucumber.api.TestStep.run(TestStep.java:83)
at cucumber.api.TestCase.run(TestCase.java:58)
at cucumber.runner.Runner.runPickle(Runner.java:80)
at cucumber.api.testng.TestNGCucumberRunner.runScenario(TestNGCucumberRunner.java:84)
at cucumber.api.testng.AbstractTestNGCucumberTests.runScenario(AbstractTestNGCucumberTests.java:22)
at java.util.concurrent.FutureTask.run(Unknown Source)
at java.util.concurrent.Executors$RunnableAdapter.call(Unknown Source)
at java.util.concurrent.FutureTask.run(Unknown Source)
at java.util.concurrent.ThreadPoolExecutor.runWorker(Unknown Source)
at java.util.concurrent.ThreadPoolExecutor$Worker.run(Unknown Source)
at java.lang.Thread.run(Unknown Source)
... Removed 17 stack frames]]>
    </failure>
  </testcase> <!-- runScenario -->
  <testcase name="runScenario" time="10.382" classname="cucumber.api.testng.AbstractTestNGCucumberTests">
    <failure type="org.openqa.selenium.SessionNotCreatedException" message="session not created
from chrome not reachable
  (Session info: chrome=81.0.4044.122)
Build info: version: &amp;apos;3.141.59&amp;apos;, revision: &amp;apos;e82be7d358&amp;apos;, time: &amp;apos;2018-11-14T08:17:03&amp;apos;
System info: host: &amp;apos;PC&amp;apos;, ip: &amp;apos;192.168.43.118&amp;apos;, os.name: &amp;apos;Windows 8.1&amp;apos;, os.arch: &amp;apos;amd64&amp;apos;, os.version: &amp;apos;6.3&amp;apos;, java.version: &amp;apos;1.8.0_221&amp;apos;
Driver info: driver.version: ChromeDriver
remote stacktrace: Backtrace:
	Ordinal0 [0x005A5F73+2449267]
	Ordinal0 [0x004D8361+1606497]
	Ordinal0 [0x003CF812+522258]
	Ordinal0 [0x003C95B2+497074]
	Ordinal0 [0x003C9C9B+498843]
	Ordinal0 [0x003CABF5+502773]
	Ordinal0 [0x003C6724+485156]
	Ordinal0 [0x003D0600+525824]
	Ordinal0 [0x0037CBB9+183225]
	Ordinal0 [0x0037BF2D+180013]
	Ordinal0 [0x00379E5B+171611]
	Ordinal0 [0x00361DD8+73176]
	Ordinal0 [0x00362E50+77392]
	Ordinal0 [0x00362DE9+77289]
	Ordinal0 [0x004ED8D7+1693911]
	GetHandleVerifier [0x00644036+522726]
	GetHandleVerifier [0x00643D74+522020]
	GetHandleVerifier [0x00659187+609079]
	GetHandleVerifier [0x006448A6+524886]
	Ordinal0 [0x004E5CBC+1662140]
	Ordinal0 [0x004EF23B+1700411]
	Ordinal0 [0x004EF3A3+1700771]
	Ordinal0 [0x00505215+1790485]
	BaseThreadInitThunk [0x77497C04+36]
	RtlInitializeExceptionChain [0x77AFB90F+143]
	RtlInitializeExceptionChain [0x77AFB8DA+90]
">
      <![CDATA[org.openqa.selenium.SessionNotCreatedException: session not created
from chrome not reachable
  (Session info: chrome=81.0.4044.122)
Build info: version: '3.141.59', revision: 'e82be7d358', time: '2018-11-14T08:17:03'
System info: host: 'PC', ip: '192.168.43.118', os.name: 'Windows 8.1', os.arch: 'amd64', os.version: '6.3', java.version: '1.8.0_221'
Driver info: driver.version: ChromeDriver
remote stacktrace: Backtrace:
Ordinal0 [0x005A5F73+2449267]
Ordinal0 [0x004D8361+1606497]
Ordinal0 [0x003CF812+522258]
Ordinal0 [0x003C95B2+497074]
Ordinal0 [0x003C9C9B+498843]
Ordinal0 [0x003CABF5+502773]
Ordinal0 [0x003C6724+485156]
Ordinal0 [0x003D0600+525824]
Ordinal0 [0x0037CBB9+183225]
Ordinal0 [0x0037BF2D+180013]
Ordinal0 [0x00379E5B+171611]
Ordinal0 [0x00361DD8+73176]
Ordinal0 [0x00362E50+77392]
Ordinal0 [0x00362DE9+77289]
Ordinal0 [0x004ED8D7+1693911]
GetHandleVerifier [0x00644036+522726]
GetHandleVerifier [0x00643D74+522020]
GetHandleVerifier [0x00659187+609079]
GetHandleVerifier [0x006448A6+524886]
Ordinal0 [0x004E5CBC+1662140]
Ordinal0 [0x004EF23B+1700411]
Ordinal0 [0x004EF3A3+1700771]
Ordinal0 [0x00505215+1790485]
BaseThreadInitThunk [0x77497C04+36]
RtlInitializeExceptionChain [0x77AFB90F+143]
RtlInitializeExceptionChain [0x77AFB8DA+90]

at org.openqa.selenium.remote.W3CHandshakeResponse.lambda$errorHandler$0(W3CHandshakeResponse.java:62)
at org.openqa.selenium.remote.HandshakeResponse.lambda$getResponseFunction$0(HandshakeResponse.java:30)
at org.openqa.selenium.remote.ProtocolHandshake.lambda$createSession$0(ProtocolHandshake.java:126)
at java.util.stream.ReferencePipeline$3$1.accept(Unknown Source)
at java.util.Spliterators$ArraySpliterator.tryAdvance(Unknown Source)
at java.util.stream.ReferencePipeline.forEachWithCancel(Unknown Source)
at java.util.stream.AbstractPipeline.copyIntoWithCancel(Unknown Source)
at java.util.stream.AbstractPipeline.copyInto(Unknown Source)
at java.util.stream.AbstractPipeline.wrapAndCopyInto(Unknown Source)
at java.util.stream.FindOps$FindOp.evaluateSequential(Unknown Source)
at java.util.stream.AbstractPipeline.evaluate(Unknown Source)
at java.util.stream.ReferencePipeline.findFirst(Unknown Source)
at org.openqa.selenium.remote.ProtocolHandshake.createSession(ProtocolHandshake.java:128)
at org.openqa.selenium.remote.ProtocolHandshake.createSession(ProtocolHandshake.java:74)
at org.openqa.selenium.remote.HttpCommandExecutor.execute(HttpCommandExecutor.java:136)
at org.openqa.selenium.remote.service.DriverCommandExecutor.execute(DriverCommandExecutor.java:83)
at org.openqa.selenium.remote.RemoteWebDriver.execute(RemoteWebDriver.java:552)
at org.openqa.selenium.remote.RemoteWebDriver.startSession(RemoteWebDriver.java:213)
at org.openqa.selenium.remote.RemoteWebDriver.<init>(RemoteWebDriver.java:131)
at org.openqa.selenium.chrome.ChromeDriver.<init>(ChromeDriver.java:181)
at org.openqa.selenium.chrome.ChromeDriver.<init>(ChromeDriver.java:168)
at org.openqa.selenium.chrome.ChromeDriver.<init>(ChromeDriver.java:123)
at resources.TestBase.initializeDriver(TestBase.java:38)
at stepDefinations.masterHooks.setUpnewtour(masterHooks.java:51)
at cucumber.runtime.Utils$1.call(Utils.java:32)
at cucumber.runtime.Timeout.timeout(Timeout.java:16)
at cucumber.runtime.Utils.invoke(Utils.java:26)
at cucumber.runtime.java.JavaHookDefinition.execute(JavaHookDefinition.java:60)
at cucumber.runtime.HookDefinitionMatch.runStep(HookDefinitionMatch.java:17)
at cucumber.runner.UnskipableStep.executeStep(UnskipableStep.java:22)
at cucumber.api.TestStep.run(TestStep.java:83)
at cucumber.api.TestCase.run(TestCase.java:58)
at cucumber.runner.Runner.runPickle(Runner.java:80)
at cucumber.api.testng.TestNGCucumberRunner.runScenario(TestNGCucumberRunner.java:84)
at cucumber.api.testng.AbstractTestNGCucumberTests.runScenario(AbstractTestNGCucumberTests.java:22)
at java.util.concurrent.FutureTask.run(Unknown Source)
at java.util.concurrent.Executors$RunnableAdapter.call(Unknown Source)
at java.util.concurrent.FutureTask.run(Unknown Source)
at java.util.concurrent.ThreadPoolExecutor.runWorker(Unknown Source)
at java.util.concurrent.ThreadPoolExecutor$Worker.run(Unknown Source)
at java.lang.Thread.run(Unknown Source)
... Removed 17 stack frames]]>
    </failure>
  </testcase> <!-- runScenario -->
  <testcase name="runScenario" time="7.48" classname="cucumber.api.testng.AbstractTestNGCucumberTests">
    <failure type="org.openqa.selenium.WebDriverException" message="unknown error: Chrome failed to start: exited normally.
  (chrome not reachable)
  (The process started from chrome location C:\Program Files (x86)\Google\Chrome\Application\chrome.exe is no longer running, so ChromeDriver is assuming that Chrome has crashed.)
Build info: version: &amp;apos;3.141.59&amp;apos;, revision: &amp;apos;e82be7d358&amp;apos;, time: &amp;apos;2018-11-14T08:17:03&amp;apos;
System info: host: &amp;apos;PC&amp;apos;, ip: &amp;apos;192.168.43.118&amp;apos;, os.name: &amp;apos;Windows 8.1&amp;apos;, os.arch: &amp;apos;amd64&amp;apos;, os.version: &amp;apos;6.3&amp;apos;, java.version: &amp;apos;1.8.0_221&amp;apos;
Driver info: driver.version: ChromeDriver
remote stacktrace: Backtrace:
	Ordinal0 [0x005A5F73+2449267]
	Ordinal0 [0x004D8361+1606497]
	Ordinal0 [0x003CF969+522601]
	Ordinal0 [0x0035D421+54305]
	Ordinal0 [0x0037C127+180519]
	Ordinal0 [0x0037BF2D+180013]
	Ordinal0 [0x00379E5B+171611]
	Ordinal0 [0x00361DD8+73176]
	Ordinal0 [0x00362E50+77392]
	Ordinal0 [0x00362DE9+77289]
	Ordinal0 [0x004ED8D7+1693911]
	GetHandleVerifier [0x00644036+522726]
	GetHandleVerifier [0x00643D74+522020]
	GetHandleVerifier [0x00659187+609079]
	GetHandleVerifier [0x006448A6+524886]
	Ordinal0 [0x004E5CBC+1662140]
	Ordinal0 [0x004EF23B+1700411]
	Ordinal0 [0x004EF3A3+1700771]
	Ordinal0 [0x00505215+1790485]
	BaseThreadInitThunk [0x77497C04+36]
	RtlInitializeExceptionChain [0x77AFB90F+143]
	RtlInitializeExceptionChain [0x77AFB8DA+90]
">
      <![CDATA[org.openqa.selenium.WebDriverException: unknown error: Chrome failed to start: exited normally.
  (chrome not reachable)
  (The process started from chrome location C:\Program Files (x86)\Google\Chrome\Application\chrome.exe is no longer running, so ChromeDriver is assuming that Chrome has crashed.)
Build info: version: '3.141.59', revision: 'e82be7d358', time: '2018-11-14T08:17:03'
System info: host: 'PC', ip: '192.168.43.118', os.name: 'Windows 8.1', os.arch: 'amd64', os.version: '6.3', java.version: '1.8.0_221'
Driver info: driver.version: ChromeDriver
remote stacktrace: Backtrace:
Ordinal0 [0x005A5F73+2449267]
Ordinal0 [0x004D8361+1606497]
Ordinal0 [0x003CF969+522601]
Ordinal0 [0x0035D421+54305]
Ordinal0 [0x0037C127+180519]
Ordinal0 [0x0037BF2D+180013]
Ordinal0 [0x00379E5B+171611]
Ordinal0 [0x00361DD8+73176]
Ordinal0 [0x00362E50+77392]
Ordinal0 [0x00362DE9+77289]
Ordinal0 [0x004ED8D7+1693911]
GetHandleVerifier [0x00644036+522726]
GetHandleVerifier [0x00643D74+522020]
GetHandleVerifier [0x00659187+609079]
GetHandleVerifier [0x006448A6+524886]
Ordinal0 [0x004E5CBC+1662140]
Ordinal0 [0x004EF23B+1700411]
Ordinal0 [0x004EF3A3+1700771]
Ordinal0 [0x00505215+1790485]
BaseThreadInitThunk [0x77497C04+36]
RtlInitializeExceptionChain [0x77AFB90F+143]
RtlInitializeExceptionChain [0x77AFB8DA+90]

at org.openqa.selenium.remote.W3CHandshakeResponse.lambda$errorHandler$0(W3CHandshakeResponse.java:62)
at org.openqa.selenium.remote.HandshakeResponse.lambda$getResponseFunction$0(HandshakeResponse.java:30)
at org.openqa.selenium.remote.ProtocolHandshake.lambda$createSession$0(ProtocolHandshake.java:126)
at java.util.stream.ReferencePipeline$3$1.accept(Unknown Source)
at java.util.Spliterators$ArraySpliterator.tryAdvance(Unknown Source)
at java.util.stream.ReferencePipeline.forEachWithCancel(Unknown Source)
at java.util.stream.AbstractPipeline.copyIntoWithCancel(Unknown Source)
at java.util.stream.AbstractPipeline.copyInto(Unknown Source)
at java.util.stream.AbstractPipeline.wrapAndCopyInto(Unknown Source)
at java.util.stream.FindOps$FindOp.evaluateSequential(Unknown Source)
at java.util.stream.AbstractPipeline.evaluate(Unknown Source)
at java.util.stream.ReferencePipeline.findFirst(Unknown Source)
at org.openqa.selenium.remote.ProtocolHandshake.createSession(ProtocolHandshake.java:128)
at org.openqa.selenium.remote.ProtocolHandshake.createSession(ProtocolHandshake.java:74)
at org.openqa.selenium.remote.HttpCommandExecutor.execute(HttpCommandExecutor.java:136)
at org.openqa.selenium.remote.service.DriverCommandExecutor.execute(DriverCommandExecutor.java:83)
at org.openqa.selenium.remote.RemoteWebDriver.execute(RemoteWebDriver.java:552)
at org.openqa.selenium.remote.RemoteWebDriver.startSession(RemoteWebDriver.java:213)
at org.openqa.selenium.remote.RemoteWebDriver.<init>(RemoteWebDriver.java:131)
at org.openqa.selenium.chrome.ChromeDriver.<init>(ChromeDriver.java:181)
at org.openqa.selenium.chrome.ChromeDriver.<init>(ChromeDriver.java:168)
at org.openqa.selenium.chrome.ChromeDriver.<init>(ChromeDriver.java:123)
at resources.TestBase.initializeDriver(TestBase.java:38)
at stepDefinations.masterHooks.setUpnewtour(masterHooks.java:51)
at cucumber.runtime.Utils$1.call(Utils.java:32)
at cucumber.runtime.Timeout.timeout(Timeout.java:16)
at cucumber.runtime.Utils.invoke(Utils.java:26)
at cucumber.runtime.java.JavaHookDefinition.execute(JavaHookDefinition.java:60)
at cucumber.runtime.HookDefinitionMatch.runStep(HookDefinitionMatch.java:17)
at cucumber.runner.UnskipableStep.executeStep(UnskipableStep.java:22)
at cucumber.api.TestStep.run(TestStep.java:83)
at cucumber.api.TestCase.run(TestCase.java:58)
at cucumber.runner.Runner.runPickle(Runner.java:80)
at cucumber.api.testng.TestNGCucumberRunner.runScenario(TestNGCucumberRunner.java:84)
at cucumber.api.testng.AbstractTestNGCucumberTests.runScenario(AbstractTestNGCucumberTests.java:22)
at java.util.concurrent.FutureTask.run(Unknown Source)
at java.util.concurrent.Executors$RunnableAdapter.call(Unknown Source)
at java.util.concurrent.FutureTask.run(Unknown Source)
at java.util.concurrent.ThreadPoolExecutor.runWorker(Unknown Source)
at java.util.concurrent.ThreadPoolExecutor$Worker.run(Unknown Source)
at java.lang.Thread.run(Unknown Source)
... Removed 17 stack frames]]>
    </failure>
  </testcase> <!-- runScenario -->
  <testcase name="runScenario" time="7.017" classname="cucumber.api.testng.AbstractTestNGCucumberTests">
    <failure type="org.openqa.selenium.SessionNotCreatedException" message="session not created
from chrome not reachable
  (Session info: chrome=81.0.4044.122)
Build info: version: &amp;apos;3.141.59&amp;apos;, revision: &amp;apos;e82be7d358&amp;apos;, time: &amp;apos;2018-11-14T08:17:03&amp;apos;
System info: host: &amp;apos;PC&amp;apos;, ip: &amp;apos;192.168.43.118&amp;apos;, os.name: &amp;apos;Windows 8.1&amp;apos;, os.arch: &amp;apos;amd64&amp;apos;, os.version: &amp;apos;6.3&amp;apos;, java.version: &amp;apos;1.8.0_221&amp;apos;
Driver info: driver.version: ChromeDriver
remote stacktrace: Backtrace:
	Ordinal0 [0x005A5F73+2449267]
	Ordinal0 [0x004D8361+1606497]
	Ordinal0 [0x003CF812+522258]
	Ordinal0 [0x003C95B2+497074]
	Ordinal0 [0x003C9C9B+498843]
	Ordinal0 [0x003CABF5+502773]
	Ordinal0 [0x003C6724+485156]
	Ordinal0 [0x003D0600+525824]
	Ordinal0 [0x0037CBB9+183225]
	Ordinal0 [0x0037BF2D+180013]
	Ordinal0 [0x00379E5B+171611]
	Ordinal0 [0x00361DD8+73176]
	Ordinal0 [0x00362E50+77392]
	Ordinal0 [0x00362DE9+77289]
	Ordinal0 [0x004ED8D7+1693911]
	GetHandleVerifier [0x00644036+522726]
	GetHandleVerifier [0x00643D74+522020]
	GetHandleVerifier [0x00659187+609079]
	GetHandleVerifier [0x006448A6+524886]
	Ordinal0 [0x004E5CBC+1662140]
	Ordinal0 [0x004EF23B+1700411]
	Ordinal0 [0x004EF3A3+1700771]
	Ordinal0 [0x00505215+1790485]
	BaseThreadInitThunk [0x77497C04+36]
	RtlInitializeExceptionChain [0x77AFB90F+143]
	RtlInitializeExceptionChain [0x77AFB8DA+90]
">
      <![CDATA[org.openqa.selenium.SessionNotCreatedException: session not created
from chrome not reachable
  (Session info: chrome=81.0.4044.122)
Build info: version: '3.141.59', revision: 'e82be7d358', time: '2018-11-14T08:17:03'
System info: host: 'PC', ip: '192.168.43.118', os.name: 'Windows 8.1', os.arch: 'amd64', os.version: '6.3', java.version: '1.8.0_221'
Driver info: driver.version: ChromeDriver
remote stacktrace: Backtrace:
Ordinal0 [0x005A5F73+2449267]
Ordinal0 [0x004D8361+1606497]
Ordinal0 [0x003CF812+522258]
Ordinal0 [0x003C95B2+497074]
Ordinal0 [0x003C9C9B+498843]
Ordinal0 [0x003CABF5+502773]
Ordinal0 [0x003C6724+485156]
Ordinal0 [0x003D0600+525824]
Ordinal0 [0x0037CBB9+183225]
Ordinal0 [0x0037BF2D+180013]
Ordinal0 [0x00379E5B+171611]
Ordinal0 [0x00361DD8+73176]
Ordinal0 [0x00362E50+77392]
Ordinal0 [0x00362DE9+77289]
Ordinal0 [0x004ED8D7+1693911]
GetHandleVerifier [0x00644036+522726]
GetHandleVerifier [0x00643D74+522020]
GetHandleVerifier [0x00659187+609079]
GetHandleVerifier [0x006448A6+524886]
Ordinal0 [0x004E5CBC+1662140]
Ordinal0 [0x004EF23B+1700411]
Ordinal0 [0x004EF3A3+1700771]
Ordinal0 [0x00505215+1790485]
BaseThreadInitThunk [0x77497C04+36]
RtlInitializeExceptionChain [0x77AFB90F+143]
RtlInitializeExceptionChain [0x77AFB8DA+90]

at org.openqa.selenium.remote.W3CHandshakeResponse.lambda$errorHandler$0(W3CHandshakeResponse.java:62)
at org.openqa.selenium.remote.HandshakeResponse.lambda$getResponseFunction$0(HandshakeResponse.java:30)
at org.openqa.selenium.remote.ProtocolHandshake.lambda$createSession$0(ProtocolHandshake.java:126)
at java.util.stream.ReferencePipeline$3$1.accept(Unknown Source)
at java.util.Spliterators$ArraySpliterator.tryAdvance(Unknown Source)
at java.util.stream.ReferencePipeline.forEachWithCancel(Unknown Source)
at java.util.stream.AbstractPipeline.copyIntoWithCancel(Unknown Source)
at java.util.stream.AbstractPipeline.copyInto(Unknown Source)
at java.util.stream.AbstractPipeline.wrapAndCopyInto(Unknown Source)
at java.util.stream.FindOps$FindOp.evaluateSequential(Unknown Source)
at java.util.stream.AbstractPipeline.evaluate(Unknown Source)
at java.util.stream.ReferencePipeline.findFirst(Unknown Source)
at org.openqa.selenium.remote.ProtocolHandshake.createSession(ProtocolHandshake.java:128)
at org.openqa.selenium.remote.ProtocolHandshake.createSession(ProtocolHandshake.java:74)
at org.openqa.selenium.remote.HttpCommandExecutor.execute(HttpCommandExecutor.java:136)
at org.openqa.selenium.remote.service.DriverCommandExecutor.execute(DriverCommandExecutor.java:83)
at org.openqa.selenium.remote.RemoteWebDriver.execute(RemoteWebDriver.java:552)
at org.openqa.selenium.remote.RemoteWebDriver.startSession(RemoteWebDriver.java:213)
at org.openqa.selenium.remote.RemoteWebDriver.<init>(RemoteWebDriver.java:131)
at org.openqa.selenium.chrome.ChromeDriver.<init>(ChromeDriver.java:181)
at org.openqa.selenium.chrome.ChromeDriver.<init>(ChromeDriver.java:168)
at org.openqa.selenium.chrome.ChromeDriver.<init>(ChromeDriver.java:123)
at resources.TestBase.initializeDriver(TestBase.java:38)
at stepDefinations.masterHooks.setUpnewtour(masterHooks.java:51)
at cucumber.runtime.Utils$1.call(Utils.java:32)
at cucumber.runtime.Timeout.timeout(Timeout.java:16)
at cucumber.runtime.Utils.invoke(Utils.java:26)
at cucumber.runtime.java.JavaHookDefinition.execute(JavaHookDefinition.java:60)
at cucumber.runtime.HookDefinitionMatch.runStep(HookDefinitionMatch.java:17)
at cucumber.runner.UnskipableStep.executeStep(UnskipableStep.java:22)
at cucumber.api.TestStep.run(TestStep.java:83)
at cucumber.api.TestCase.run(TestCase.java:58)
at cucumber.runner.Runner.runPickle(Runner.java:80)
at cucumber.api.testng.TestNGCucumberRunner.runScenario(TestNGCucumberRunner.java:84)
at cucumber.api.testng.AbstractTestNGCucumberTests.runScenario(AbstractTestNGCucumberTests.java:22)
at java.util.concurrent.FutureTask.run(Unknown Source)
at java.util.concurrent.Executors$RunnableAdapter.call(Unknown Source)
at java.util.concurrent.FutureTask.run(Unknown Source)
at java.util.concurrent.ThreadPoolExecutor.runWorker(Unknown Source)
at java.util.concurrent.ThreadPoolExecutor$Worker.run(Unknown Source)
at java.lang.Thread.run(Unknown Source)
... Removed 17 stack frames]]>
    </failure>
  </testcase> <!-- runScenario -->
  <testcase name="runScenario" time="16.625" classname="cucumber.api.testng.AbstractTestNGCucumberTests">
    <failure type="java.lang.AssertionError" message="element not found">
      <![CDATA[java.lang.AssertionError: element not found
at org.junit.Assert.fail(Assert.java:88)
at org.junit.Assert.assertTrue(Assert.java:41)
at resources.TestBase.WaitVisibilityOf(TestBase.java:80)
at pageObjects.newtourSignupPage.naviagtTomercuryTourURL(newtourSignupPage.java:57)
at stepDefinations.newTour.navigate_to_homepage_of_newtoursdemoauturl_and_click_on_the_register_link(newTour.java:24)
at ✽.Navigate to homepage of newtoursdemoautURl and Click on the register link(src/test/java/features/newtoursAssignment.feature:6)
]]>
    </failure>
  </testcase> <!-- runScenario -->
  <testcase name="runScenario" time="16.733" classname="cucumber.api.testng.AbstractTestNGCucumberTests">
    <failure type="java.lang.AssertionError" message="element not found">
      <![CDATA[java.lang.AssertionError: element not found
at org.junit.Assert.fail(Assert.java:88)
at org.junit.Assert.assertTrue(Assert.java:41)
at resources.TestBase.WaitVisibilityOf(TestBase.java:80)
at pageObjects.newtourSignupPage.naviagtTomercuryTourURL(newtourSignupPage.java:57)
at stepDefinations.newTour.navigate_to_homepage_of_newtoursdemoauturl_and_click_on_the_register_link(newTour.java:24)
at ✽.Navigate to homepage of newtoursdemoautURl and Click on the register link(src/test/java/features/newtoursAssignment.feature:6)
]]>
    </failure>
  </testcase> <!-- runScenario -->
  <testcase name="runScenario" time="21.528" classname="cucumber.api.testng.AbstractTestNGCucumberTests">
    <failure type="java.lang.AssertionError" message="element not found">
      <![CDATA[java.lang.AssertionError: element not found
at org.junit.Assert.fail(Assert.java:88)
at org.junit.Assert.assertTrue(Assert.java:41)
at resources.TestBase.WaitVisibilityOf(TestBase.java:80)
at pageObjects.newtourSignupPage.naviagtTomercuryTourURL(newtourSignupPage.java:57)
at stepDefinations.newTour.navigate_to_homepage_of_newtoursdemoauturl_and_click_on_the_register_link(newTour.java:24)
at ✽.Navigate to homepage of newtoursdemoautURl and Click on the register link(src/test/java/features/newtoursAssignment.feature:6)
]]>
    </failure>
  </testcase> <!-- runScenario -->
  <testcase name="runScenario" time="23.184" classname="cucumber.api.testng.AbstractTestNGCucumberTests">
    <failure type="java.lang.AssertionError" message="element not found">
      <![CDATA[java.lang.AssertionError: element not found
at org.junit.Assert.fail(Assert.java:88)
at org.junit.Assert.assertTrue(Assert.java:41)
at resources.TestBase.WaitVisibilityOf(TestBase.java:80)
at pageObjects.newtourSignupPage.naviagtTomercuryTourURL(newtourSignupPage.java:57)
at stepDefinations.newTour.navigate_to_homepage_of_newtoursdemoauturl_and_click_on_the_register_link(newTour.java:24)
at ✽.Navigate to homepage of newtoursdemoautURl and Click on the register link(src/test/java/features/newtoursAssignment.feature:6)
]]>
    </failure>
  </testcase> <!-- runScenario -->
</testsuite> <!-- WIN10TEST_CHROME -->
