<html>
<head>
<title>TestNG:  WIN10TEST_FF</title>
<link href="../testng.css" rel="stylesheet" type="text/css" />
<link href="../my-testng.css" rel="stylesheet" type="text/css" />

<style type="text/css">
.log { display: none;} 
.stack-trace { display: none;} 
</style>
<script type="text/javascript">
<!--
function flip(e) {
  current = e.style.display;
  if (current == 'block') {
    e.style.display = 'none';
    return 0;
  }
  else {
    e.style.display = 'block';
    return 1;
  }
}

function toggleBox(szDivId, elem, msg1, msg2)
{
  var res = -1;  if (document.getElementById) {
    res = flip(document.getElementById(szDivId));
  }
  else if (document.all) {
    // this is the way old msie versions work
    res = flip(document.all[szDivId]);
  }
  if(elem) {
    if(res == 0) elem.innerHTML = msg1; else elem.innerHTML = msg2;
  }

}

function toggleAllBoxes() {
  if (document.getElementsByTagName) {
    d = document.getElementsByTagName('div');
    for (i = 0; i < d.length; i++) {
      if (d[i].className == 'log') {
        flip(d[i]);
      }
    }
  }
}

// -->
</script>

</head>
<body>
<h2 align='center'>WIN10TEST_FF</h2><table border='1' align="center">
<tr>
<td>Tests passed/Failed/Skipped:</td><td>0/11/0</td>
</tr><tr>
<td>Started on:</td><td>Mon Apr 27 15:50:10 PDT 2020</td>
</tr>
<tr><td>Total time:</td><td>88 seconds (88575 ms)</td>
</tr><tr>
<td>Included groups:</td><td></td>
</tr><tr>
<td>Excluded groups:</td><td></td>
</tr>
</table><p/>
<small><i>(Hover the method name to see the test class name)</i></small><p/>
<table width='100%' border='1' class='invocation-failed'>
<tr><td colspan='4' align='center'><b>FAILED TESTS</b></td></tr>
<tr><td><b>Test method</b></td>
<td width="30%"><b>Exception</b></td>
<td width="10%"><b>Time (seconds)</b></td>
<td><b>Instance</b></td>
</tr>
<tr>
<td title='cucumberoptions.TestRunner.runScenario()'><b>runScenario</b><br>Test class: cucumberoptions.TestRunner<br>Test method: Runs Cucumber Scenarios<br>Parameters: "", "by using this http://automationpractice.com/index.php"</td>
<td><div><pre>java.lang.NullPointerException
	at cucumber.runtime.formatter.TestSourcesModel.isScenarioOutlineScenario(TestSourcesModel.java:50)
	at cucumber.runtime.formatter.HTMLFormatter.handleScenarioOutline(HTMLFormatter.java:244)
	at cucumber.runtime.formatter.HTMLFormatter.handleTestCaseStarted(HTMLFormatter.java:153)
	at cucumber.runtime.formatter.HTMLFormatter.access$100(HTMLFormatter.java:52)
	at cucumber.runtime.formatter.HTMLFormatter$3.receive(HTMLFormatter.java:88)
	at cucumber.runtime.formatter.HTMLFormatter$3.receive(HTMLFormatter.java:85)
	at cucumber.runner.EventBus.send(EventBus.java:28)
	at cucumber.api.TestCase.run(TestCase.java:55)
	at cucumber.runner.Runner.runPickle(Runner.java:80)
	at cucumber.api.testng.TestNGCucumberRunner.runScenario(TestNGCucumberRunner.java:84)
	at cucumber.api.testng.AbstractTestNGCucumberTests.runScenario(AbstractTestNGCucumberTests.java:22)
	at java.util.concurrent.FutureTask.run(Unknown Source)
	at java.util.concurrent.Executors$RunnableAdapter.call(Unknown Source)
	at java.util.concurrent.FutureTask.run(Unknown Source)
	at java.util.concurrent.ThreadPoolExecutor.runWorker(Unknown Source)
	at java.util.concurrent.ThreadPoolExecutor$Worker.run(Unknown Source)
	at java.lang.Thread.run(Unknown Source)
... Removed 9 stack frames</pre></div><a href='#' onClick='toggleBox("stack-trace1783231006", this, "Click to show all stack frames", "Click to hide stack frames")'>Click to show all stack frames</a>
<div class='stack-trace' id='stack-trace1783231006'><pre>java.lang.NullPointerException
	at cucumber.runtime.formatter.TestSourcesModel.isScenarioOutlineScenario(TestSourcesModel.java:50)
	at cucumber.runtime.formatter.HTMLFormatter.handleScenarioOutline(HTMLFormatter.java:244)
	at cucumber.runtime.formatter.HTMLFormatter.handleTestCaseStarted(HTMLFormatter.java:153)
	at cucumber.runtime.formatter.HTMLFormatter.access$100(HTMLFormatter.java:52)
	at cucumber.runtime.formatter.HTMLFormatter$3.receive(HTMLFormatter.java:88)
	at cucumber.runtime.formatter.HTMLFormatter$3.receive(HTMLFormatter.java:85)
	at cucumber.runner.EventBus.send(EventBus.java:28)
	at cucumber.api.TestCase.run(TestCase.java:55)
	at cucumber.runner.Runner.runPickle(Runner.java:80)
	at cucumber.api.testng.TestNGCucumberRunner.runScenario(TestNGCucumberRunner.java:84)
	at cucumber.api.testng.AbstractTestNGCucumberTests.runScenario(AbstractTestNGCucumberTests.java:22)
	at sun.reflect.NativeMethodAccessorImpl.invoke0(Native Method)
	at sun.reflect.NativeMethodAccessorImpl.invoke(Unknown Source)
	at sun.reflect.DelegatingMethodAccessorImpl.invoke(Unknown Source)
	at java.lang.reflect.Method.invoke(Unknown Source)
	at org.testng.internal.MethodInvocationHelper.invokeMethod(MethodInvocationHelper.java:124)
	at org.testng.internal.Invoker.invokeMethod(Invoker.java:580)
	at org.testng.internal.Invoker.invokeTestMethod(Invoker.java:716)
	at org.testng.internal.TestMethodWithDataProviderMethodWorker.call(TestMethodWithDataProviderMethodWorker.java:71)
	at org.testng.internal.TestMethodWithDataProviderMethodWorker.call(TestMethodWithDataProviderMethodWorker.java:14)
	at java.util.concurrent.FutureTask.run(Unknown Source)
	at java.util.concurrent.Executors$RunnableAdapter.call(Unknown Source)
	at java.util.concurrent.FutureTask.run(Unknown Source)
	at java.util.concurrent.ThreadPoolExecutor.runWorker(Unknown Source)
	at java.util.concurrent.ThreadPoolExecutor$Worker.run(Unknown Source)
	at java.lang.Thread.run(Unknown Source)
</pre></div></td>
<td>0</td>
<td>cucumberoptions.TestRunner@7a52f2a2</td></tr>
<tr>
<td title='cucumberoptions.TestRunner.runScenario()'><b>runScenario</b><br>Test class: cucumberoptions.TestRunner<br>Test method: Runs Cucumber Scenarios<br>Parameters: "", "newtour member craetion"<br/>
<a href="#Output-889435557" onClick='toggleBox("Output-889435557", this, "Show output", "Hide output");'>Show output</a>

<a href="#Output-889435557" onClick="toggleAllBoxes();">Show all outputs</a>
<div class='log' id="Output-889435557">
<div "result">Navigate to homepage of newtoursdemoautURl and Click on the register link (FAILED : 6s)</div><br/>
<div "result">Enter contact info &quot;ram1&quot; and &quot;kumar&quot; and &quot;908&quot; and &quot;ram@gmail.com&quot; (SKIPPED)</div><br/>
<div "result">Enter Mailing info &quot;bangalore&quot; and &quot;adresss2&quot;and &quot;bangalore &quot; and &quot;KARNATAKA&quot; and &quot;560059&quot; and &quot;INDIA&quot; (SKIPPED)</div><br/>
<div "result">Enter UserInfo &quot;mercury1&quot; and &quot;mercury&quot; and &quot;mercury&quot; (SKIPPED)</div><br/>
<div "result">Click on submit (SKIPPED)</div><br/>
<div "result">User created&quot;mercury1&quot; (SKIPPED)</div><br/>
</div>
</td>
<td><div><pre>java.lang.AssertionError: element not found
	at org.junit.Assert.fail(Assert.java:88)
	at org.junit.Assert.assertTrue(Assert.java:41)
	at resources.TestBase.WaitVisibilityOf(TestBase.java:80)
	at pageObjects.newtourSignupPage.naviagtTomercuryTourURL(newtourSignupPage.java:57)
	at stepDefinations.newTour.navigate_to_homepage_of_newtoursdemoauturl_and_click_on_the_register_link(newTour.java:24)
	at ?.Navigate to homepage of newtoursdemoautURl and Click on the register link(src/test/java/features/newtoursAssignment.feature:6)
</pre></div><a href='#' onClick='toggleBox("stack-trace889435557", this, "Click to show all stack frames", "Click to hide stack frames")'>Click to show all stack frames</a>
<div class='stack-trace' id='stack-trace889435557'><pre>java.lang.AssertionError: element not found
	at org.junit.Assert.fail(Assert.java:88)
	at org.junit.Assert.assertTrue(Assert.java:41)
	at resources.TestBase.WaitVisibilityOf(TestBase.java:80)
	at pageObjects.newtourSignupPage.naviagtTomercuryTourURL(newtourSignupPage.java:57)
	at stepDefinations.newTour.navigate_to_homepage_of_newtoursdemoauturl_and_click_on_the_register_link(newTour.java:24)
	at ?.Navigate to homepage of newtoursdemoautURl and Click on the register link(src/test/java/features/newtoursAssignment.feature:6)
</pre></div></td>
<td>18</td>
<td>cucumberoptions.TestRunner@7a52f2a2</td></tr>
<tr>
<td title='cucumberoptions.TestRunner.runScenario()'><b>runScenario</b><br>Test class: cucumberoptions.TestRunner<br>Test method: Runs Cucumber Scenarios<br>Parameters: "", "newtour member craetion"<br/>
<a href="#Output-1503135966" onClick='toggleBox("Output-1503135966", this, "Show output", "Hide output");'>Show output</a>

<a href="#Output-1503135966" onClick="toggleAllBoxes();">Show all outputs</a>
<div class='log' id="Output-1503135966">
<div "result">Navigate to homepage of newtoursdemoautURl and Click on the register link (FAILED : 6s)</div><br/>
<div "result">Enter contact info &quot;ram2&quot; and &quot;kumar&quot; and &quot;908&quot; and &quot;ram@gmail.com&quot; (SKIPPED)</div><br/>
<div "result">Enter Mailing info &quot;bangalore&quot; and &quot;address2&quot;and &quot;bangalore &quot; and &quot;KARNATAKA&quot; and &quot;560059&quot; and &quot;INDIA&quot; (SKIPPED)</div><br/>
<div "result">Enter UserInfo &quot;mercury2&quot; and &quot;mercury&quot; and &quot;mercury&quot; (SKIPPED)</div><br/>
<div "result">Click on submit (SKIPPED)</div><br/>
<div "result">User created&quot;mercury2&quot; (SKIPPED)</div><br/>
</div>
</td>
<td><div><pre>java.lang.AssertionError: element not found
	at org.junit.Assert.fail(Assert.java:88)
	at org.junit.Assert.assertTrue(Assert.java:41)
	at resources.TestBase.WaitVisibilityOf(TestBase.java:80)
	at pageObjects.newtourSignupPage.naviagtTomercuryTourURL(newtourSignupPage.java:57)
	at stepDefinations.newTour.navigate_to_homepage_of_newtoursdemoauturl_and_click_on_the_register_link(newTour.java:24)
	at ?.Navigate to homepage of newtoursdemoautURl and Click on the register link(src/test/java/features/newtoursAssignment.feature:6)
</pre></div><a href='#' onClick='toggleBox("stack-trace1503135966", this, "Click to show all stack frames", "Click to hide stack frames")'>Click to show all stack frames</a>
<div class='stack-trace' id='stack-trace1503135966'><pre>java.lang.AssertionError: element not found
	at org.junit.Assert.fail(Assert.java:88)
	at org.junit.Assert.assertTrue(Assert.java:41)
	at resources.TestBase.WaitVisibilityOf(TestBase.java:80)
	at pageObjects.newtourSignupPage.naviagtTomercuryTourURL(newtourSignupPage.java:57)
	at stepDefinations.newTour.navigate_to_homepage_of_newtoursdemoauturl_and_click_on_the_register_link(newTour.java:24)
	at ?.Navigate to homepage of newtoursdemoautURl and Click on the register link(src/test/java/features/newtoursAssignment.feature:6)
</pre></div></td>
<td>18</td>
<td>cucumberoptions.TestRunner@7a52f2a2</td></tr>
<tr>
<td title='cucumberoptions.TestRunner.runScenario()'><b>runScenario</b><br>Test class: cucumberoptions.TestRunner<br>Test method: Runs Cucumber Scenarios<br>Parameters: "", "newtour member craetion"<br/>
<a href="#Output-2136567837" onClick='toggleBox("Output-2136567837", this, "Show output", "Hide output");'>Show output</a>

<a href="#Output-2136567837" onClick="toggleAllBoxes();">Show all outputs</a>
<div class='log' id="Output-2136567837">
<div "result">Navigate to homepage of newtoursdemoautURl and Click on the register link (FAILED : 0s)</div><br/>
<div "result">Enter contact info &quot;ram4&quot; and &quot;kumar&quot; and &quot;908&quot; and &quot;ram@gmail.com&quot; (SKIPPED)</div><br/>
<div "result">Enter Mailing info &quot;bangalore&quot; and &quot;address&quot;and &quot;bangalore &quot; and &quot;KARNATAKA&quot; and &quot;560059&quot; and &quot;INDIA&quot; (SKIPPED)</div><br/>
<div "result">Enter UserInfo &quot;mercury4&quot; and &quot;mercury&quot; and &quot;mercury&quot; (SKIPPED)</div><br/>
<div "result">Click on submit (SKIPPED)</div><br/>
<div "result">User created&quot;mercury4&quot; (SKIPPED)</div><br/>
</div>
</td>
<td><div><pre>org.openqa.selenium.NoSuchWindowException: no such window: target window already closed
from unknown error: web view not found
  (Session info: chrome=81.0.4044.122)
Build info: version: &apos;3.141.59&apos;, revision: &apos;e82be7d358&apos;, time: &apos;2018-11-14T08:17:03&apos;
System info: host: &apos;PC&apos;, ip: &apos;192.168.43.118&apos;, os.name: &apos;Windows 8.1&apos;, os.arch: &apos;amd64&apos;, os.version: &apos;6.3&apos;, java.version: &apos;1.8.0_221&apos;
Driver info: org.openqa.selenium.chrome.ChromeDriver
Capabilities {acceptInsecureCerts: false, browserName: chrome, browserVersion: 81.0.4044.122, chrome: {chromedriverVersion: 81.0.4044.69 (6813546031a4b..., userDataDir: C:\Users\Admin\AppData\Loca...}, goog:chromeOptions: {debuggerAddress: localhost:52036}, javascriptEnabled: true, networkConnectionEnabled: false, pageLoadStrategy: normal, platform: WINDOWS, platformName: WINDOWS, proxy: Proxy(), setWindowRect: true, strictFileInteractability: false, timeouts: {implicit: 0, pageLoad: 300000, script: 30000}, unhandledPromptBehavior: dismiss and notify, webauthn:virtualAuthenticators: true}
Session ID: fc6a46022749a4de968b442f35e63f75
	at org.openqa.selenium.remote.http.W3CHttpResponseCodec.createException(W3CHttpResponseCodec.java:187)
	at org.openqa.selenium.remote.http.W3CHttpResponseCodec.decode(W3CHttpResponseCodec.java:122)
	at org.openqa.selenium.remote.http.W3CHttpResponseCodec.decode(W3CHttpResponseCodec.java:49)
	at org.openqa.selenium.remote.HttpCommandExecutor.execute(HttpCommandExecutor.java:158)
	at org.openqa.selenium.remote.service.DriverCommandExecutor.execute(DriverCommandExecutor.java:83)
	at org.openqa.selenium.remote.RemoteWebDriver.execute(RemoteWebDriver.java:552)
	at org.openqa.selenium.remote.RemoteWebDriver.get(RemoteWebDriver.java:277)
	at pageObjects.newtourSignupPage.naviagtTomercuryTourURL(newtourSignupPage.java:56)
	at stepDefinations.newTour.navigate_to_homepage_of_newtoursdemoauturl_and_click_on_the_register_link(newTour.java:24)
	at ?.Navigate to homepage of newtoursdemoautURl and Click on the register link(src/test/java/features/newtoursAssignment.feature:6)
... Removed 4 stack frames</pre></div><a href='#' onClick='toggleBox("stack-trace2136567837", this, "Click to show all stack frames", "Click to hide stack frames")'>Click to show all stack frames</a>
<div class='stack-trace' id='stack-trace2136567837'><pre>org.openqa.selenium.NoSuchWindowException: no such window: target window already closed
from unknown error: web view not found
  (Session info: chrome=81.0.4044.122)
Build info: version: &apos;3.141.59&apos;, revision: &apos;e82be7d358&apos;, time: &apos;2018-11-14T08:17:03&apos;
System info: host: &apos;PC&apos;, ip: &apos;192.168.43.118&apos;, os.name: &apos;Windows 8.1&apos;, os.arch: &apos;amd64&apos;, os.version: &apos;6.3&apos;, java.version: &apos;1.8.0_221&apos;
Driver info: org.openqa.selenium.chrome.ChromeDriver
Capabilities {acceptInsecureCerts: false, browserName: chrome, browserVersion: 81.0.4044.122, chrome: {chromedriverVersion: 81.0.4044.69 (6813546031a4b..., userDataDir: C:\Users\Admin\AppData\Loca...}, goog:chromeOptions: {debuggerAddress: localhost:52036}, javascriptEnabled: true, networkConnectionEnabled: false, pageLoadStrategy: normal, platform: WINDOWS, platformName: WINDOWS, proxy: Proxy(), setWindowRect: true, strictFileInteractability: false, timeouts: {implicit: 0, pageLoad: 300000, script: 30000}, unhandledPromptBehavior: dismiss and notify, webauthn:virtualAuthenticators: true}
Session ID: fc6a46022749a4de968b442f35e63f75
	at sun.reflect.NativeConstructorAccessorImpl.newInstance0(Native Method)
	at sun.reflect.NativeConstructorAccessorImpl.newInstance(Unknown Source)
	at sun.reflect.DelegatingConstructorAccessorImpl.newInstance(Unknown Source)
	at java.lang.reflect.Constructor.newInstance(Unknown Source)
	at org.openqa.selenium.remote.http.W3CHttpResponseCodec.createException(W3CHttpResponseCodec.java:187)
	at org.openqa.selenium.remote.http.W3CHttpResponseCodec.decode(W3CHttpResponseCodec.java:122)
	at org.openqa.selenium.remote.http.W3CHttpResponseCodec.decode(W3CHttpResponseCodec.java:49)
	at org.openqa.selenium.remote.HttpCommandExecutor.execute(HttpCommandExecutor.java:158)
	at org.openqa.selenium.remote.service.DriverCommandExecutor.execute(DriverCommandExecutor.java:83)
	at org.openqa.selenium.remote.RemoteWebDriver.execute(RemoteWebDriver.java:552)
	at org.openqa.selenium.remote.RemoteWebDriver.get(RemoteWebDriver.java:277)
	at pageObjects.newtourSignupPage.naviagtTomercuryTourURL(newtourSignupPage.java:56)
	at stepDefinations.newTour.navigate_to_homepage_of_newtoursdemoauturl_and_click_on_the_register_link(newTour.java:24)
	at ?.Navigate to homepage of newtoursdemoautURl and Click on the register link(src/test/java/features/newtoursAssignment.feature:6)
</pre></div></td>
<td>15</td>
<td>cucumberoptions.TestRunner@7a52f2a2</td></tr>
<tr>
<td title='cucumberoptions.TestRunner.runScenario()'><b>runScenario</b><br>Test class: cucumberoptions.TestRunner<br>Test method: Runs Cucumber Scenarios<br>Parameters: "", "newtour member craetion"<br/>
<a href="#Output-1065832569" onClick='toggleBox("Output-1065832569", this, "Show output", "Hide output");'>Show output</a>

<a href="#Output-1065832569" onClick="toggleAllBoxes();">Show all outputs</a>
<div class='log' id="Output-1065832569">
<div "result">Navigate to homepage of newtoursdemoautURl and Click on the register link (FAILED : 8s)</div><br/>
<div "result">Enter contact info &quot;ram3&quot; and &quot;kumar&quot; and &quot;908&quot; and &quot;ram@gmail.com&quot; (SKIPPED)</div><br/>
<div "result">Enter Mailing info &quot;bangalore&quot; and &quot;address2&quot;and &quot;bangalore &quot; and &quot;KARNATAKA&quot; and &quot;560059&quot; and &quot;INDIA&quot; (SKIPPED)</div><br/>
<div "result">Enter UserInfo &quot;mercury3&quot; and &quot;mercury&quot; and &quot;mercury&quot; (SKIPPED)</div><br/>
<div "result">Click on submit (SKIPPED)</div><br/>
<div "result">User created&quot;mercury3&quot; (SKIPPED)</div><br/>
</div>
</td>
<td><div><pre>java.lang.AssertionError: element not found
	at org.junit.Assert.fail(Assert.java:88)
	at org.junit.Assert.assertTrue(Assert.java:41)
	at resources.TestBase.WaitVisibilityOf(TestBase.java:80)
	at pageObjects.newtourSignupPage.naviagtTomercuryTourURL(newtourSignupPage.java:57)
	at stepDefinations.newTour.navigate_to_homepage_of_newtoursdemoauturl_and_click_on_the_register_link(newTour.java:24)
	at ?.Navigate to homepage of newtoursdemoautURl and Click on the register link(src/test/java/features/newtoursAssignment.feature:6)
</pre></div><a href='#' onClick='toggleBox("stack-trace1065832569", this, "Click to show all stack frames", "Click to hide stack frames")'>Click to show all stack frames</a>
<div class='stack-trace' id='stack-trace1065832569'><pre>java.lang.AssertionError: element not found
	at org.junit.Assert.fail(Assert.java:88)
	at org.junit.Assert.assertTrue(Assert.java:41)
	at resources.TestBase.WaitVisibilityOf(TestBase.java:80)
	at pageObjects.newtourSignupPage.naviagtTomercuryTourURL(newtourSignupPage.java:57)
	at stepDefinations.newTour.navigate_to_homepage_of_newtoursdemoauturl_and_click_on_the_register_link(newTour.java:24)
	at ?.Navigate to homepage of newtoursdemoautURl and Click on the register link(src/test/java/features/newtoursAssignment.feature:6)
</pre></div></td>
<td>16</td>
<td>cucumberoptions.TestRunner@7a52f2a2</td></tr>
<tr>
<td title='cucumberoptions.TestRunner.runScenario()'><b>runScenario</b><br>Test class: cucumberoptions.TestRunner<br>Test method: Runs Cucumber Scenarios<br>Parameters: "", "newtour member craetion"<br/>
<a href="#Output-1080482272" onClick='toggleBox("Output-1080482272", this, "Show output", "Hide output");'>Show output</a>

<a href="#Output-1080482272" onClick="toggleAllBoxes();">Show all outputs</a>
<div class='log' id="Output-1080482272">
<div "result">Navigate to homepage of newtoursdemoautURl and Click on the register link (FAILED : 6s)</div><br/>
<div "result">Enter contact info &quot;ram6&quot; and &quot;kumar&quot; and &quot;908&quot; and &quot;ram@gmail.com&quot; (SKIPPED)</div><br/>
<div "result">Enter Mailing info &quot;bangalore&quot; and &quot;aad&quot;and &quot;bangalore &quot; and &quot;KARNATAKA&quot; and &quot;560059&quot; and &quot;INDIA&quot; (SKIPPED)</div><br/>
<div "result">Enter UserInfo &quot;mercury6&quot; and &quot;mercury&quot; and &quot;mercury&quot; (SKIPPED)</div><br/>
<div "result">Click on submit (SKIPPED)</div><br/>
<div "result">User created&quot;mercury6&quot; (SKIPPED)</div><br/>
</div>
</td>
<td><div><pre>java.lang.AssertionError: element not found
	at org.junit.Assert.fail(Assert.java:88)
	at org.junit.Assert.assertTrue(Assert.java:41)
	at resources.TestBase.WaitVisibilityOf(TestBase.java:80)
	at pageObjects.newtourSignupPage.naviagtTomercuryTourURL(newtourSignupPage.java:57)
	at stepDefinations.newTour.navigate_to_homepage_of_newtoursdemoauturl_and_click_on_the_register_link(newTour.java:24)
	at ?.Navigate to homepage of newtoursdemoautURl and Click on the register link(src/test/java/features/newtoursAssignment.feature:6)
</pre></div><a href='#' onClick='toggleBox("stack-trace1080482272", this, "Click to show all stack frames", "Click to hide stack frames")'>Click to show all stack frames</a>
<div class='stack-trace' id='stack-trace1080482272'><pre>java.lang.AssertionError: element not found
	at org.junit.Assert.fail(Assert.java:88)
	at org.junit.Assert.assertTrue(Assert.java:41)
	at resources.TestBase.WaitVisibilityOf(TestBase.java:80)
	at pageObjects.newtourSignupPage.naviagtTomercuryTourURL(newtourSignupPage.java:57)
	at stepDefinations.newTour.navigate_to_homepage_of_newtoursdemoauturl_and_click_on_the_register_link(newTour.java:24)
	at ?.Navigate to homepage of newtoursdemoautURl and Click on the register link(src/test/java/features/newtoursAssignment.feature:6)
</pre></div></td>
<td>18</td>
<td>cucumberoptions.TestRunner@7a52f2a2</td></tr>
<tr>
<td title='cucumberoptions.TestRunner.runScenario()'><b>runScenario</b><br>Test class: cucumberoptions.TestRunner<br>Test method: Runs Cucumber Scenarios<br>Parameters: "", "newtour member craetion"<br/>
<a href="#Output-2038245639" onClick='toggleBox("Output-2038245639", this, "Show output", "Hide output");'>Show output</a>

<a href="#Output-2038245639" onClick="toggleAllBoxes();">Show all outputs</a>
<div class='log' id="Output-2038245639">
<div "result">Navigate to homepage of newtoursdemoautURl and Click on the register link (SKIPPED)</div><br/>
<div "result">Enter contact info &quot;ram5&quot; and &quot;kumar&quot; and &quot;908&quot; and &quot;ram@gmail.com&quot; (SKIPPED)</div><br/>
<div "result">Enter Mailing info &quot;bangalore&quot; and &quot;addre&quot;and &quot;bangalore &quot; and &quot;KARNATAKA&quot; and &quot;560059&quot; and &quot;INDIA&quot; (SKIPPED)</div><br/>
<div "result">Enter UserInfo &quot;mercury5&quot; and &quot;mercury&quot; and &quot;mercury&quot; (SKIPPED)</div><br/>
<div "result">Click on submit (SKIPPED)</div><br/>
<div "result">User created&quot;mercury5&quot; (SKIPPED)</div><br/>
</div>
</td>
<td><div><pre>org.openqa.selenium.WebDriverException: chrome not reachable
  (Session info: chrome=81.0.4044.122)
Build info: version: &apos;3.141.59&apos;, revision: &apos;e82be7d358&apos;, time: &apos;2018-11-14T08:17:03&apos;
System info: host: &apos;PC&apos;, ip: &apos;192.168.43.118&apos;, os.name: &apos;Windows 8.1&apos;, os.arch: &apos;amd64&apos;, os.version: &apos;6.3&apos;, java.version: &apos;1.8.0_221&apos;
Driver info: org.openqa.selenium.chrome.ChromeDriver
Capabilities {acceptInsecureCerts: false, browserName: chrome, browserVersion: 81.0.4044.122, chrome: {chromedriverVersion: 81.0.4044.69 (6813546031a4b..., userDataDir: C:\Users\Admin\AppData\Loca...}, goog:chromeOptions: {debuggerAddress: localhost:52108}, javascriptEnabled: true, networkConnectionEnabled: false, pageLoadStrategy: normal, platform: WINDOWS, platformName: WINDOWS, proxy: Proxy(), setWindowRect: true, strictFileInteractability: false, timeouts: {implicit: 0, pageLoad: 300000, script: 30000}, unhandledPromptBehavior: dismiss and notify, webauthn:virtualAuthenticators: true}
Session ID: 8553fd015d57626e78a24a84523dcee2
	at org.openqa.selenium.remote.http.W3CHttpResponseCodec.createException(W3CHttpResponseCodec.java:187)
	at org.openqa.selenium.remote.http.W3CHttpResponseCodec.decode(W3CHttpResponseCodec.java:122)
	at org.openqa.selenium.remote.http.W3CHttpResponseCodec.decode(W3CHttpResponseCodec.java:49)
	at org.openqa.selenium.remote.HttpCommandExecutor.execute(HttpCommandExecutor.java:158)
	at org.openqa.selenium.remote.service.DriverCommandExecutor.execute(DriverCommandExecutor.java:83)
	at org.openqa.selenium.remote.RemoteWebDriver.execute(RemoteWebDriver.java:552)
	at org.openqa.selenium.remote.RemoteWebDriver.execute(RemoteWebDriver.java:609)
	at org.openqa.selenium.remote.RemoteWebDriver$RemoteWebDriverOptions.deleteAllCookies(RemoteWebDriver.java:694)
	at resources.TestBase.initializeDriver(TestBase.java:57)
	at stepDefinations.masterHooks.setUpnewtour(masterHooks.java:51)
	at cucumber.runtime.Utils$1.call(Utils.java:32)
	at cucumber.runtime.Timeout.timeout(Timeout.java:16)
	at cucumber.runtime.Utils.invoke(Utils.java:26)
	at cucumber.runtime.java.JavaHookDefinition.execute(JavaHookDefinition.java:60)
	at cucumber.runtime.HookDefinitionMatch.runStep(HookDefinitionMatch.java:17)
	at cucumber.runner.UnskipableStep.executeStep(UnskipableStep.java:22)
	at cucumber.api.TestStep.run(TestStep.java:83)
	at cucumber.api.TestCase.run(TestCase.java:58)
	at cucumber.runner.Runner.runPickle(Runner.java:80)
	at cucumber.api.testng.TestNGCucumberRunner.runScenario(TestNGCucumberRunner.java:84)
	at cucumber.api.testng.AbstractTestNGCucumberTests.runScenario(AbstractTestNGCucumberTests.java:22)
	at java.util.concurrent.FutureTask.run(Unknown Source)
	at java.util.concurrent.Executors$RunnableAdapter.call(Unknown Source)
	at java.util.concurrent.FutureTask.run(Unknown Source)
	at java.util.concurrent.ThreadPoolExecutor.runWorker(Unknown Source)
	at java.util.concurrent.ThreadPoolExecutor$Worker.run(Unknown Source)
	at java.lang.Thread.run(Unknown Source)
... Removed 17 stack frames</pre></div><a href='#' onClick='toggleBox("stack-trace2038245639", this, "Click to show all stack frames", "Click to hide stack frames")'>Click to show all stack frames</a>
<div class='stack-trace' id='stack-trace2038245639'><pre>org.openqa.selenium.WebDriverException: chrome not reachable
  (Session info: chrome=81.0.4044.122)
Build info: version: &apos;3.141.59&apos;, revision: &apos;e82be7d358&apos;, time: &apos;2018-11-14T08:17:03&apos;
System info: host: &apos;PC&apos;, ip: &apos;192.168.43.118&apos;, os.name: &apos;Windows 8.1&apos;, os.arch: &apos;amd64&apos;, os.version: &apos;6.3&apos;, java.version: &apos;1.8.0_221&apos;
Driver info: org.openqa.selenium.chrome.ChromeDriver
Capabilities {acceptInsecureCerts: false, browserName: chrome, browserVersion: 81.0.4044.122, chrome: {chromedriverVersion: 81.0.4044.69 (6813546031a4b..., userDataDir: C:\Users\Admin\AppData\Loca...}, goog:chromeOptions: {debuggerAddress: localhost:52108}, javascriptEnabled: true, networkConnectionEnabled: false, pageLoadStrategy: normal, platform: WINDOWS, platformName: WINDOWS, proxy: Proxy(), setWindowRect: true, strictFileInteractability: false, timeouts: {implicit: 0, pageLoad: 300000, script: 30000}, unhandledPromptBehavior: dismiss and notify, webauthn:virtualAuthenticators: true}
Session ID: 8553fd015d57626e78a24a84523dcee2
	at sun.reflect.NativeConstructorAccessorImpl.newInstance0(Native Method)
	at sun.reflect.NativeConstructorAccessorImpl.newInstance(Unknown Source)
	at sun.reflect.DelegatingConstructorAccessorImpl.newInstance(Unknown Source)
	at java.lang.reflect.Constructor.newInstance(Unknown Source)
	at org.openqa.selenium.remote.http.W3CHttpResponseCodec.createException(W3CHttpResponseCodec.java:187)
	at org.openqa.selenium.remote.http.W3CHttpResponseCodec.decode(W3CHttpResponseCodec.java:122)
	at org.openqa.selenium.remote.http.W3CHttpResponseCodec.decode(W3CHttpResponseCodec.java:49)
	at org.openqa.selenium.remote.HttpCommandExecutor.execute(HttpCommandExecutor.java:158)
	at org.openqa.selenium.remote.service.DriverCommandExecutor.execute(DriverCommandExecutor.java:83)
	at org.openqa.selenium.remote.RemoteWebDriver.execute(RemoteWebDriver.java:552)
	at org.openqa.selenium.remote.RemoteWebDriver.execute(RemoteWebDriver.java:609)
	at org.openqa.selenium.remote.RemoteWebDriver$RemoteWebDriverOptions.deleteAllCookies(RemoteWebDriver.java:694)
	at resources.TestBase.initializeDriver(TestBase.java:57)
	at stepDefinations.masterHooks.setUpnewtour(masterHooks.java:51)
	at sun.reflect.NativeMethodAccessorImpl.invoke0(Native Method)
	at sun.reflect.NativeMethodAccessorImpl.invoke(Unknown Source)
	at sun.reflect.DelegatingMethodAccessorImpl.invoke(Unknown Source)
	at java.lang.reflect.Method.invoke(Unknown Source)
	at cucumber.runtime.Utils$1.call(Utils.java:32)
	at cucumber.runtime.Timeout.timeout(Timeout.java:16)
	at cucumber.runtime.Utils.invoke(Utils.java:26)
	at cucumber.runtime.java.JavaHookDefinition.execute(JavaHookDefinition.java:60)
	at cucumber.runtime.HookDefinitionMatch.runStep(HookDefinitionMatch.java:17)
	at cucumber.runner.UnskipableStep.executeStep(UnskipableStep.java:22)
	at cucumber.api.TestStep.run(TestStep.java:83)
	at cucumber.api.TestCase.run(TestCase.java:58)
	at cucumber.runner.Runner.runPickle(Runner.java:80)
	at cucumber.api.testng.TestNGCucumberRunner.runScenario(TestNGCucumberRunner.java:84)
	at cucumber.api.testng.AbstractTestNGCucumberTests.runScenario(AbstractTestNGCucumberTests.java:22)
	at sun.reflect.NativeMethodAccessorImpl.invoke0(Native Method)
	at sun.reflect.NativeMethodAccessorImpl.invoke(Unknown Source)
	at sun.reflect.DelegatingMethodAccessorImpl.invoke(Unknown Source)
	at java.lang.reflect.Method.invoke(Unknown Source)
	at org.testng.internal.MethodInvocationHelper.invokeMethod(MethodInvocationHelper.java:124)
	at org.testng.internal.Invoker.invokeMethod(Invoker.java:580)
	at org.testng.internal.Invoker.invokeTestMethod(Invoker.java:716)
	at org.testng.internal.TestMethodWithDataProviderMethodWorker.call(TestMethodWithDataProviderMethodWorker.java:71)
	at org.testng.internal.TestMethodWithDataProviderMethodWorker.call(TestMethodWithDataProviderMethodWorker.java:14)
	at java.util.concurrent.FutureTask.run(Unknown Source)
	at java.util.concurrent.Executors$RunnableAdapter.call(Unknown Source)
	at java.util.concurrent.FutureTask.run(Unknown Source)
	at java.util.concurrent.ThreadPoolExecutor.runWorker(Unknown Source)
	at java.util.concurrent.ThreadPoolExecutor$Worker.run(Unknown Source)
	at java.lang.Thread.run(Unknown Source)
</pre></div></td>
<td>19</td>
<td>cucumberoptions.TestRunner@7a52f2a2</td></tr>
<tr>
<td title='cucumberoptions.TestRunner.runScenario()'><b>runScenario</b><br>Test class: cucumberoptions.TestRunner<br>Test method: Runs Cucumber Scenarios<br>Parameters: "", "newtour member craetion"<br/>
<a href="#Output-1957121179" onClick='toggleBox("Output-1957121179", this, "Show output", "Hide output");'>Show output</a>

<a href="#Output-1957121179" onClick="toggleAllBoxes();">Show all outputs</a>
<div class='log' id="Output-1957121179">
<div "result">Navigate to homepage of newtoursdemoautURl and Click on the register link (FAILED : 8s)</div><br/>
<div "result">Enter contact info &quot;ram8&quot; and &quot;kumar&quot; and &quot;908&quot; and &quot;ram@gmail.com&quot; (SKIPPED)</div><br/>
<div "result">Enter Mailing info &quot;bangalore&quot; and &quot;adfefg&quot;and &quot;bangalore &quot; and &quot;KARNATAKA&quot; and &quot;560059&quot; and &quot;INDIA&quot; (SKIPPED)</div><br/>
<div "result">Enter UserInfo &quot;mercury8&quot; and &quot;mercury&quot; and &quot;mercury&quot; (SKIPPED)</div><br/>
<div "result">Click on submit (SKIPPED)</div><br/>
<div "result">User created&quot;mercury8&quot; (SKIPPED)</div><br/>
</div>
</td>
<td><div><pre>java.lang.AssertionError: element not found
	at org.junit.Assert.fail(Assert.java:88)
	at org.junit.Assert.assertTrue(Assert.java:41)
	at resources.TestBase.WaitVisibilityOf(TestBase.java:80)
	at pageObjects.newtourSignupPage.naviagtTomercuryTourURL(newtourSignupPage.java:57)
	at stepDefinations.newTour.navigate_to_homepage_of_newtoursdemoauturl_and_click_on_the_register_link(newTour.java:24)
	at ?.Navigate to homepage of newtoursdemoautURl and Click on the register link(src/test/java/features/newtoursAssignment.feature:6)
</pre></div><a href='#' onClick='toggleBox("stack-trace1957121179", this, "Click to show all stack frames", "Click to hide stack frames")'>Click to show all stack frames</a>
<div class='stack-trace' id='stack-trace1957121179'><pre>java.lang.AssertionError: element not found
	at org.junit.Assert.fail(Assert.java:88)
	at org.junit.Assert.assertTrue(Assert.java:41)
	at resources.TestBase.WaitVisibilityOf(TestBase.java:80)
	at pageObjects.newtourSignupPage.naviagtTomercuryTourURL(newtourSignupPage.java:57)
	at stepDefinations.newTour.navigate_to_homepage_of_newtoursdemoauturl_and_click_on_the_register_link(newTour.java:24)
	at ?.Navigate to homepage of newtoursdemoautURl and Click on the register link(src/test/java/features/newtoursAssignment.feature:6)
</pre></div></td>
<td>21</td>
<td>cucumberoptions.TestRunner@7a52f2a2</td></tr>
<tr>
<td title='cucumberoptions.TestRunner.runScenario()'><b>runScenario</b><br>Test class: cucumberoptions.TestRunner<br>Test method: Runs Cucumber Scenarios<br>Parameters: "", "newtour member craetion"<br/>
<a href="#Output-835054594" onClick='toggleBox("Output-835054594", this, "Show output", "Hide output");'>Show output</a>

<a href="#Output-835054594" onClick="toggleAllBoxes();">Show all outputs</a>
<div class='log' id="Output-835054594">
<div "result">Navigate to homepage of newtoursdemoautURl and Click on the register link (FAILED : 3s)</div><br/>
<div "result">Enter contact info &quot;ram7&quot; and &quot;kumar&quot; and &quot;908&quot; and &quot;ram@gmail.com&quot; (SKIPPED)</div><br/>
<div "result">Enter Mailing info &quot;bangalore&quot; and &quot;as&quot;and &quot;bangalore &quot; and &quot;KARNATAKA&quot; and &quot;560059&quot; and &quot;INDIA&quot; (SKIPPED)</div><br/>
<div "result">Enter UserInfo &quot;mercury7&quot; and &quot;mercury&quot; and &quot;mercury&quot; (SKIPPED)</div><br/>
<div "result">Click on submit (SKIPPED)</div><br/>
<div "result">User created&quot;mercury7&quot; (SKIPPED)</div><br/>
</div>
</td>
<td><div><pre>java.lang.AssertionError: element not found
	at org.junit.Assert.fail(Assert.java:88)
	at org.junit.Assert.assertTrue(Assert.java:41)
	at resources.TestBase.WaitVisibilityOf(TestBase.java:80)
	at pageObjects.newtourSignupPage.naviagtTomercuryTourURL(newtourSignupPage.java:57)
	at stepDefinations.newTour.navigate_to_homepage_of_newtoursdemoauturl_and_click_on_the_register_link(newTour.java:24)
	at ?.Navigate to homepage of newtoursdemoautURl and Click on the register link(src/test/java/features/newtoursAssignment.feature:6)
</pre></div><a href='#' onClick='toggleBox("stack-trace835054594", this, "Click to show all stack frames", "Click to hide stack frames")'>Click to show all stack frames</a>
<div class='stack-trace' id='stack-trace835054594'><pre>java.lang.AssertionError: element not found
	at org.junit.Assert.fail(Assert.java:88)
	at org.junit.Assert.assertTrue(Assert.java:41)
	at resources.TestBase.WaitVisibilityOf(TestBase.java:80)
	at pageObjects.newtourSignupPage.naviagtTomercuryTourURL(newtourSignupPage.java:57)
	at stepDefinations.newTour.navigate_to_homepage_of_newtoursdemoauturl_and_click_on_the_register_link(newTour.java:24)
	at ?.Navigate to homepage of newtoursdemoautURl and Click on the register link(src/test/java/features/newtoursAssignment.feature:6)
</pre></div></td>
<td>23</td>
<td>cucumberoptions.TestRunner@7a52f2a2</td></tr>
<tr>
<td title='cucumberoptions.TestRunner.runScenario()'><b>runScenario</b><br>Test class: cucumberoptions.TestRunner<br>Test method: Runs Cucumber Scenarios<br>Parameters: "", "newtour member craetion"<br/>
<a href="#Output-547662844" onClick='toggleBox("Output-547662844", this, "Show output", "Hide output");'>Show output</a>

<a href="#Output-547662844" onClick="toggleAllBoxes();">Show all outputs</a>
<div class='log' id="Output-547662844">
<div "result">Navigate to homepage of newtoursdemoautURl and Click on the register link (FAILED : 4s)</div><br/>
<div "result">Enter contact info &quot;ram10&quot; and &quot;kumar&quot; and &quot;908&quot; and &quot;ram@gmail.com&quot; (SKIPPED)</div><br/>
<div "result">Enter Mailing info &quot;bangalore&quot; and &quot;dsd&quot;and &quot;bangalore &quot; and &quot;KARNATAKA&quot; and &quot;560059&quot; and &quot;INDIA&quot; (SKIPPED)</div><br/>
<div "result">Enter UserInfo &quot;mercury10&quot; and &quot;mercury&quot; and &quot;mercury&quot; (SKIPPED)</div><br/>
<div "result">Click on submit (SKIPPED)</div><br/>
<div "result">User created&quot;mercury10&quot; (SKIPPED)</div><br/>
</div>
</td>
<td><div><pre>java.lang.AssertionError: element not found
	at org.junit.Assert.fail(Assert.java:88)
	at org.junit.Assert.assertTrue(Assert.java:41)
	at resources.TestBase.WaitVisibilityOf(TestBase.java:80)
	at pageObjects.newtourSignupPage.naviagtTomercuryTourURL(newtourSignupPage.java:57)
	at stepDefinations.newTour.navigate_to_homepage_of_newtoursdemoauturl_and_click_on_the_register_link(newTour.java:24)
	at ?.Navigate to homepage of newtoursdemoautURl and Click on the register link(src/test/java/features/newtoursAssignment.feature:6)
</pre></div><a href='#' onClick='toggleBox("stack-trace547662844", this, "Click to show all stack frames", "Click to hide stack frames")'>Click to show all stack frames</a>
<div class='stack-trace' id='stack-trace547662844'><pre>java.lang.AssertionError: element not found
	at org.junit.Assert.fail(Assert.java:88)
	at org.junit.Assert.assertTrue(Assert.java:41)
	at resources.TestBase.WaitVisibilityOf(TestBase.java:80)
	at pageObjects.newtourSignupPage.naviagtTomercuryTourURL(newtourSignupPage.java:57)
	at stepDefinations.newTour.navigate_to_homepage_of_newtoursdemoauturl_and_click_on_the_register_link(newTour.java:24)
	at ?.Navigate to homepage of newtoursdemoautURl and Click on the register link(src/test/java/features/newtoursAssignment.feature:6)
</pre></div></td>
<td>9</td>
<td>cucumberoptions.TestRunner@7a52f2a2</td></tr>
<tr>
<td title='cucumberoptions.TestRunner.runScenario()'><b>runScenario</b><br>Test class: cucumberoptions.TestRunner<br>Test method: Runs Cucumber Scenarios<br>Parameters: "", "newtour member craetion"<br/>
<a href="#Output-303930090" onClick='toggleBox("Output-303930090", this, "Show output", "Hide output");'>Show output</a>

<a href="#Output-303930090" onClick="toggleAllBoxes();">Show all outputs</a>
<div class='log' id="Output-303930090">
<div "result">Navigate to homepage of newtoursdemoautURl and Click on the register link (FAILED : 7s)</div><br/>
<div "result">Enter contact info &quot;ram9&quot; and &quot;kumar&quot; and &quot;908&quot; and &quot;ram@gmail.com&quot; (SKIPPED)</div><br/>
<div "result">Enter Mailing info &quot;bangalore&quot; and &quot;add&quot;and &quot;bangalore &quot; and &quot;KARNATAKA&quot; and &quot;560059&quot; and &quot;INDIA&quot; (SKIPPED)</div><br/>
<div "result">Enter UserInfo &quot;mercury9&quot; and &quot;mercury&quot; and &quot;mercury&quot; (SKIPPED)</div><br/>
<div "result">Click on submit (SKIPPED)</div><br/>
<div "result">User created&quot;mercury9&quot; (SKIPPED)</div><br/>
</div>
</td>
<td><div><pre>java.lang.AssertionError: element not found
	at org.junit.Assert.fail(Assert.java:88)
	at org.junit.Assert.assertTrue(Assert.java:41)
	at resources.TestBase.WaitVisibilityOf(TestBase.java:80)
	at pageObjects.newtourSignupPage.linkclick(newtourSignupPage.java:61)
	at stepDefinations.newTour.navigate_to_homepage_of_newtoursdemoauturl_and_click_on_the_register_link(newTour.java:25)
	at ?.Navigate to homepage of newtoursdemoautURl and Click on the register link(src/test/java/features/newtoursAssignment.feature:6)
</pre></div><a href='#' onClick='toggleBox("stack-trace303930090", this, "Click to show all stack frames", "Click to hide stack frames")'>Click to show all stack frames</a>
<div class='stack-trace' id='stack-trace303930090'><pre>java.lang.AssertionError: element not found
	at org.junit.Assert.fail(Assert.java:88)
	at org.junit.Assert.assertTrue(Assert.java:41)
	at resources.TestBase.WaitVisibilityOf(TestBase.java:80)
	at pageObjects.newtourSignupPage.linkclick(newtourSignupPage.java:61)
	at stepDefinations.newTour.navigate_to_homepage_of_newtoursdemoauturl_and_click_on_the_register_link(newTour.java:25)
	at ?.Navigate to homepage of newtoursdemoautURl and Click on the register link(src/test/java/features/newtoursAssignment.feature:6)
</pre></div></td>
<td>13</td>
<td>cucumberoptions.TestRunner@7a52f2a2</td></tr>
</table><p>
</body>
</html>