<?xml version="1.0" encoding="UTF-8"?>
<!-- Generated by org.testng.reporters.JUnitReportReporter -->
<testsuite skipped="0" hostname="PC" name="cucumberoptions.travelrunner" tests="10" failures="3" timestamp="13 May 2020 23:09:16 GMT" time="402.016" errors="0">
  <testcase name="runScenario" time="16.654" classname="cucumberoptions.travelrunner"/>
  <testcase name="runScenario" time="36.678" classname="cucumberoptions.travelrunner">
    <failure type="java.lang.AssertionError" message="element not found">
      <![CDATA[java.lang.AssertionError: element not found
at org.junit.Assert.fail(Assert.java:88)
at org.junit.Assert.assertTrue(Assert.java:41)
at resources.TestBase.WaitVisibilityOf(TestBase.java:82)
at pageObjects.newtourSignupPage.naviagtTomercuryTourURL(newtourSignupPage.java:56)
at stepDefinations.newTour.navigate_to_homepage_of_newtoursdemoauturl_and_click_on_the_register_link(newTour.java:29)
at ✽.Navigate to homepage of newtoursdemoautURl and Click on the register link(src/test/java/features/newtoursAssignment.feature:6)
]]>
    </failure>
  </testcase> <!-- runScenario -->
  <testcase name="runScenario" time="35.184" classname="cucumberoptions.travelrunner"/>
  <testcase name="runScenario" time="15.692" classname="cucumberoptions.travelrunner"/>
  <testcase name="runScenario" time="44.548" classname="cucumberoptions.travelrunner">
    <failure type="java.lang.AssertionError" message="element not found">
      <![CDATA[java.lang.AssertionError: element not found
at org.junit.Assert.fail(Assert.java:88)
at org.junit.Assert.assertTrue(Assert.java:41)
at resources.TestBase.WaitVisibilityOf(TestBase.java:82)
at pageObjects.newtourSignupPage.linkclick(newtourSignupPage.java:60)
at stepDefinations.newTour.navigate_to_homepage_of_newtoursdemoauturl_and_click_on_the_register_link(newTour.java:30)
at ✽.Navigate to homepage of newtoursdemoautURl and Click on the register link(src/test/java/features/newtoursAssignment.feature:6)
]]>
    </failure>
  </testcase> <!-- runScenario -->
  <testcase name="runScenario" time="191.191" classname="cucumberoptions.travelrunner">
    <failure type="java.lang.AssertionError" message="element not found">
      <![CDATA[java.lang.AssertionError: element not found
at org.junit.Assert.fail(Assert.java:88)
at org.junit.Assert.assertTrue(Assert.java:41)
at resources.TestBase.WaitVisibilityOf(TestBase.java:82)
at pageObjects.newtourSignupPage.naviagtTomercuryTourURL(newtourSignupPage.java:56)
at stepDefinations.newTour.navigate_to_homepage_of_newtoursdemoauturl_and_click_on_the_register_link(newTour.java:29)
at ✽.Navigate to homepage of newtoursdemoautURl and Click on the register link(src/test/java/features/newtoursAssignment.feature:6)
]]>
    </failure>
  </testcase> <!-- runScenario -->
  <testcase name="runScenario" time="16.431" classname="cucumberoptions.travelrunner"/>
  <testcase name="runScenario" time="17.866" classname="cucumberoptions.travelrunner"/>
  <testcase name="runScenario" time="13.756" classname="cucumberoptions.travelrunner"/>
  <testcase name="runScenario" time="14.016" classname="cucumberoptions.travelrunner"/>
</testsuite> <!-- cucumberoptions.travelrunner -->
